Sending build context to Docker daemon 3.584 kB
Step 1 : FROM fedora:latest
 ---> 422dc563ca32
Step 2 : ENV NAME docker-rhea-echo-server
 ---> Using cache
 ---> 13442b8d2a98
Step 3 : LABEL maintainer "Irina Boverman <irina.boverman@gmail.com>" summary "Docker image for rhea echo server" name "irinabov/$NAME"
 ---> Using cache
 ---> 992d7a1fed16
Step 4 : COPY ./build.sh /
 ---> 103c1fc124ef
Removing intermediate container 254794b8b9f3
Step 5 : RUN ./build.sh
 ---> Running in 19b7ab1ed7dc
[91m+ home=/
+ dnf -y update
[0mFedora 27 - x86_64 - Updates                    1.0 MB/s |  16 MB     00:14    
Fedora 27 - x86_64                              547 kB/s |  58 MB     01:48    
Last metadata expiration check: 0:00:19 ago on Thu Jan 11 15:03:20 2018.
Dependencies resolved.
================================================================================
 Package                  Arch    Version                        Repository
                                                                           Size
================================================================================
Upgrading:
 audit-libs               x86_64  2.8.2-1.fc27                   updates  111 k
 bash                     x86_64  4.4.12-13.fc27                 updates  1.5 M
 ca-certificates          noarch  2017.2.20-1.0.fc27             updates  406 k
 compat-openssl10         x86_64  1:1.0.2m-1.fc27                updates  1.1 M
 coreutils                x86_64  8.27-17.fc27                   updates  1.2 M
 coreutils-common         x86_64  8.27-17.fc27                   updates  1.9 M
 crypto-policies          noarch  20170816-2.gite0a4066.fc27     updates   37 k
 curl                     x86_64  7.55.1-8.fc27                  updates  311 k
 dbus                     x86_64  1:1.12.0-1.fc27                updates  266 k
 dbus-libs                x86_64  1:1.12.0-1.fc27                updates  178 k
 device-mapper            x86_64  1.02.144-1.fc27                updates  357 k
 device-mapper-libs       x86_64  1.02.144-1.fc27                updates  390 k
 dnf                      noarch  2.7.5-2.fc27                   updates  350 k
 dnf-conf                 noarch  2.7.5-2.fc27                   updates   68 k
 dnf-yum                  noarch  2.7.5-2.fc27                   updates   50 k
 expat                    x86_64  2.2.5-1.fc27                   updates  103 k
 gawk                     x86_64  4.1.4-8.fc27                   updates  1.1 M
 gdbm                     x86_64  1.14-1.fc27                    updates  158 k
 glib2                    x86_64  2.54.2-1.fc27                  updates  2.4 M
 glibc                    x86_64  2.26-21.fc27                   updates  3.6 M
 glibc-common             x86_64  2.26-21.fc27                   updates  844 k
 glibc-langpack-en        x86_64  2.26-21.fc27                   updates  276 k
 gnupg2                   x86_64  2.2.3-1.fc27                   updates  2.3 M
 gnupg2-smime             x86_64  2.2.3-1.fc27                   updates  276 k
 gnutls                   x86_64  3.5.16-4.fc27                  updates  761 k
 ima-evm-utils            x86_64  1.0-2.fc27                     updates   56 k
 info                     x86_64  6.4-6.fc27                     updates  192 k
 krb5-libs                x86_64  1.15.2-4.fc27                  updates  809 k
 libcrypt-nss             x86_64  2.26-21.fc27                   updates   39 k
 libcurl                  x86_64  7.55.1-8.fc27                  updates  272 k
 libdb                    x86_64  5.3.28-27.fc27                 updates  753 k
 libdb-utils              x86_64  5.3.28-27.fc27                 updates  144 k
 libdnf                   x86_64  0.11.1-1.fc27                  updates  132 k
 libgcrypt                x86_64  1.8.1-3.fc27                   updates  453 k
 libreport-filesystem     x86_64  2.9.3-1.fc27                   updates   16 k
 libselinux               x86_64  2.7-3.fc27                     updates  173 k
 libsemanage              x86_64  2.7-2.fc27                     updates  156 k
 libsepol                 x86_64  2.7-2.fc27                     updates  332 k
 libsolv                  x86_64  0.6.30-2.fc27                  updates  368 k
 libsss_idmap             x86_64  1.16.0-5.fc27                  updates   87 k
 libsss_nss_idmap         x86_64  1.16.0-5.fc27                  updates   94 k
 libzstd                  x86_64  1.3.3-1.fc27                   updates  207 k
 lua-libs                 x86_64  5.3.4-7.fc27                   updates  116 k
 nettle                   x86_64  3.4-1.fc27                     updates  292 k
 nss                      x86_64  3.34.0-1.0.fc27                updates  856 k
 nss-pem                  x86_64  1.0.3-6.fc27                   updates   77 k
 nss-softokn              x86_64  3.34.0-1.0.fc27                updates  391 k
 nss-softokn-freebl       x86_64  3.34.0-1.0.fc27                updates  235 k
 nss-sysinit              x86_64  3.34.0-1.0.fc27                updates   63 k
 nss-tools                x86_64  3.34.0-1.0.fc27                updates  519 k
 nss-util                 x86_64  3.34.0-1.0.fc27                updates   89 k
 openldap                 x86_64  2.4.45-4.fc27                  updates  360 k
 openssl-libs             x86_64  1:1.1.0g-1.fc27                updates  1.3 M
 p11-kit                  x86_64  0.23.9-2.fc27                  updates  263 k
 p11-kit-trust            x86_64  0.23.9-2.fc27                  updates  134 k
 pcre                     x86_64  8.41-3.fc27                    updates  204 k
 pcre2                    x86_64  10.30-4.fc27                   updates  234 k
 publicsuffix-list-dafsa  noarch  20171228-1.fc27                updates   46 k
 python3                  x86_64  3.6.3-2.fc27                   updates   68 k
 python3-dnf              noarch  2.7.5-2.fc27                   updates  454 k
 python3-hawkey           x86_64  0.11.1-1.fc27                  updates   57 k
 python3-libs             x86_64  3.6.3-2.fc27                   updates  8.6 M
 python3-pip              noarch  9.0.1-14.fc27                  updates  1.8 M
 python3-setuptools       noarch  37.0.0-1.fc27                  updates  604 k
 sssd-client              x86_64  1.16.0-5.fc27                  updates  143 k
 systemd                  x86_64  234-9.fc27                     updates  3.5 M
 systemd-libs             x86_64  234-9.fc27                     updates  465 k
 systemd-pam              x86_64  234-9.fc27                     updates  180 k
 tzdata                   noarch  2017c-1.fc27                   updates  444 k
 vim-minimal              x86_64  2:8.0.1427-1.fc27              updates  537 k

Transaction Summary
================================================================================
Upgrade  70 Packages

Total download size: 46 M
Downloading Packages:
(1/70): audit-libs-2.8.2-1.fc27.x86_64.rpm       88 kB/s | 111 kB     00:01    
(2/70): ca-certificates-2017.2.20-1.0.fc27.noar 304 kB/s | 406 kB     00:01    
(3/70): bash-4.4.12-13.fc27.x86_64.rpm          843 kB/s | 1.5 MB     00:01    
(4/70): coreutils-8.27-17.fc27.x86_64.rpm       2.1 MB/s | 1.2 MB     00:00    
(5/70): compat-openssl10-1.0.2m-1.fc27.x86_64.r 1.7 MB/s | 1.1 MB     00:00    
(6/70): crypto-policies-20170816-2.gite0a4066.f 358 kB/s |  37 kB     00:00    
(7/70): libcurl-7.55.1-8.fc27.x86_64.rpm        2.1 MB/s | 272 kB     00:00    
(8/70): curl-7.55.1-8.fc27.x86_64.rpm           1.6 MB/s | 311 kB     00:00    
(9/70): dbus-1.12.0-1.fc27.x86_64.rpm           1.7 MB/s | 266 kB     00:00    
(10/70): dbus-libs-1.12.0-1.fc27.x86_64.rpm     1.4 MB/s | 178 kB     00:00    
(11/70): coreutils-common-8.27-17.fc27.x86_64.r 2.9 MB/s | 1.9 MB     00:00    
(12/70): openssl-libs-1.1.0g-1.fc27.x86_64.rpm  2.6 MB/s | 1.3 MB     00:00    
(13/70): device-mapper-1.02.144-1.fc27.x86_64.r 1.7 MB/s | 357 kB     00:00    
(14/70): device-mapper-libs-1.02.144-1.fc27.x86 2.1 MB/s | 390 kB     00:00    
(15/70): dnf-2.7.5-2.fc27.noarch.rpm            2.4 MB/s | 350 kB     00:00    
(16/70): dnf-conf-2.7.5-2.fc27.noarch.rpm       902 kB/s |  68 kB     00:00    
(17/70): dnf-yum-2.7.5-2.fc27.noarch.rpm        794 kB/s |  50 kB     00:00    
(18/70): python3-dnf-2.7.5-2.fc27.noarch.rpm    1.8 MB/s | 454 kB     00:00    
(19/70): expat-2.2.5-1.fc27.x86_64.rpm          1.5 MB/s | 103 kB     00:00    
(20/70): gdbm-1.14-1.fc27.x86_64.rpm            2.3 MB/s | 158 kB     00:00    
(21/70): gawk-4.1.4-8.fc27.x86_64.rpm           3.4 MB/s | 1.1 MB     00:00    
(22/70): glibc-common-2.26-21.fc27.x86_64.rpm   2.9 MB/s | 844 kB     00:00    
(23/70): glibc-langpack-en-2.26-21.fc27.x86_64. 4.0 MB/s | 276 kB     00:00    
(24/70): libcrypt-nss-2.26-21.fc27.x86_64.rpm   417 kB/s |  39 kB     00:00    
(25/70): glib2-2.54.2-1.fc27.x86_64.rpm         2.5 MB/s | 2.4 MB     00:00    
(26/70): gnupg2-smime-2.2.3-1.fc27.x86_64.rpm   2.2 MB/s | 276 kB     00:00    
(27/70): gnupg2-2.2.3-1.fc27.x86_64.rpm         4.4 MB/s | 2.3 MB     00:00    
(28/70): ima-evm-utils-1.0-2.fc27.x86_64.rpm    628 kB/s |  56 kB     00:00    
(29/70): info-6.4-6.fc27.x86_64.rpm             2.7 MB/s | 192 kB     00:00    
(30/70): gnutls-3.5.16-4.fc27.x86_64.rpm        2.1 MB/s | 761 kB     00:00    
(31/70): krb5-libs-1.15.2-4.fc27.x86_64.rpm     4.0 MB/s | 809 kB     00:00    
(32/70): libdb-utils-5.3.28-27.fc27.x86_64.rpm  1.9 MB/s | 144 kB     00:00    
(33/70): libdnf-0.11.1-1.fc27.x86_64.rpm        1.7 MB/s | 132 kB     00:00    
(34/70): python3-hawkey-0.11.1-1.fc27.x86_64.rp 696 kB/s |  57 kB     00:00    
(35/70): libdb-5.3.28-27.fc27.x86_64.rpm        1.9 MB/s | 753 kB     00:00    
(36/70): libreport-filesystem-2.9.3-1.fc27.x86_ 216 kB/s |  16 kB     00:00    
(37/70): libgcrypt-1.8.1-3.fc27.x86_64.rpm      3.4 MB/s | 453 kB     00:00    
(38/70): glibc-2.26-21.fc27.x86_64.rpm          1.9 MB/s | 3.6 MB     00:01    
(39/70): libsepol-2.7-2.fc27.x86_64.rpm         3.5 MB/s | 332 kB     00:00    
(40/70): libselinux-2.7-3.fc27.x86_64.rpm       1.2 MB/s | 173 kB     00:00    
(41/70): libsolv-0.6.30-2.fc27.x86_64.rpm       4.2 MB/s | 368 kB     00:00    
(42/70): libsemanage-2.7-2.fc27.x86_64.rpm      1.2 MB/s | 156 kB     00:00    
(43/70): libsss_idmap-1.16.0-5.fc27.x86_64.rpm  722 kB/s |  87 kB     00:00    
(44/70): libsss_nss_idmap-1.16.0-5.fc27.x86_64. 1.4 MB/s |  94 kB     00:00    
(45/70): lua-libs-5.3.4-7.fc27.x86_64.rpm       1.8 MB/s | 116 kB     00:00    
(46/70): libzstd-1.3.3-1.fc27.x86_64.rpm        861 kB/s | 207 kB     00:00    
(47/70): nettle-3.4-1.fc27.x86_64.rpm           862 kB/s | 292 kB     00:00    
(48/70): nss-util-3.34.0-1.0.fc27.x86_64.rpm    1.3 MB/s |  89 kB     00:00    
(49/70): nss-softokn-freebl-3.34.0-1.0.fc27.x86 3.4 MB/s | 235 kB     00:00    
(50/70): nss-3.34.0-1.0.fc27.x86_64.rpm         2.0 MB/s | 856 kB     00:00    
(51/70): nss-softokn-3.34.0-1.0.fc27.x86_64.rpm 1.1 MB/s | 391 kB     00:00    
(52/70): nss-sysinit-3.34.0-1.0.fc27.x86_64.rpm 598 kB/s |  63 kB     00:00    
(53/70): nss-pem-1.0.3-6.fc27.x86_64.rpm        1.2 MB/s |  77 kB     00:00    
(54/70): nss-tools-3.34.0-1.0.fc27.x86_64.rpm   2.8 MB/s | 519 kB     00:00    
(55/70): p11-kit-trust-0.23.9-2.fc27.x86_64.rpm 1.9 MB/s | 134 kB     00:00    
(56/70): pcre-8.41-3.fc27.x86_64.rpm            1.9 MB/s | 204 kB     00:00    
(57/70): openldap-2.4.45-4.fc27.x86_64.rpm      1.4 MB/s | 360 kB     00:00    
(58/70): p11-kit-0.23.9-2.fc27.x86_64.rpm       1.0 MB/s | 263 kB     00:00    
(59/70): pcre2-10.30-4.fc27.x86_64.rpm          2.8 MB/s | 234 kB     00:00    
(60/70): publicsuffix-list-dafsa-20171228-1.fc2 699 kB/s |  46 kB     00:00    
(61/70): python3-3.6.3-2.fc27.x86_64.rpm        560 kB/s |  68 kB     00:00    
(62/70): python3-setuptools-37.0.0-1.fc27.noarc 1.6 MB/s | 604 kB     00:00    
(63/70): sssd-client-1.16.0-5.fc27.x86_64.rpm   1.2 MB/s | 143 kB     00:00    
(64/70): python3-pip-9.0.1-14.fc27.noarch.rpm   1.4 MB/s | 1.8 MB     00:01    
(65/70): systemd-pam-234-9.fc27.x86_64.rpm      1.4 MB/s | 180 kB     00:00    
(66/70): systemd-libs-234-9.fc27.x86_64.rpm     1.4 MB/s | 465 kB     00:00    
(67/70): tzdata-2017c-1.fc27.noarch.rpm         1.4 MB/s | 444 kB     00:00    
(68/70): vim-minimal-8.0.1427-1.fc27.x86_64.rpm 1.4 MB/s | 537 kB     00:00    
(69/70): systemd-234-9.fc27.x86_64.rpm          1.8 MB/s | 3.5 MB     00:01    
(70/70): python3-libs-3.6.3-2.fc27.x86_64.rpm   2.7 MB/s | 8.6 MB     00:03    
--------------------------------------------------------------------------------
Total                                           4.8 MB/s |  46 MB     00:09     
Running transaction check
Transaction check succeeded.
Running transaction test
Transaction test succeeded.
Running transaction
  Running scriptlet: systemd                                                1/1 
  Preparing        :                                                        1/1 
  Upgrading        : tzdata-2017c-1.fc27.noarch                           1/140 
  Upgrading        : glibc-langpack-en-2.26-21.fc27.x86_64                2/140 
  Upgrading        : glibc-common-2.26-21.fc27.x86_64                     3/140 
  Running scriptlet: glibc-2.26-21.fc27.x86_64                            4/140 
  Upgrading        : glibc-2.26-21.fc27.x86_64                            4/140 
  Running scriptlet: glibc-2.26-21.fc27.x86_64                            4/140 
  Upgrading        : bash-4.4.12-13.fc27.x86_64                           5/140 
  Running scriptlet: bash-4.4.12-13.fc27.x86_64                           5/140 
  Upgrading        : libsepol-2.7-2.fc27.x86_64                           6/140 
  Running scriptlet: libsepol-2.7-2.fc27.x86_64                           6/140 
  Upgrading        : pcre2-10.30-4.fc27.x86_64                            7/140 
  Running scriptlet: pcre2-10.30-4.fc27.x86_64                            7/140 
  Upgrading        : libselinux-2.7-3.fc27.x86_64                         8/140 
  Running scriptlet: libselinux-2.7-3.fc27.x86_64                         8/140 
  Upgrading        : nss-util-3.34.0-1.0.fc27.x86_64                      9/140 
  Running scriptlet: nss-util-3.34.0-1.0.fc27.x86_64                      9/140 
  Upgrading        : info-6.4-6.fc27.x86_64                              10/140 
  Running scriptlet: info-6.4-6.fc27.x86_64                              10/140 
  Upgrading        : libgcrypt-1.8.1-3.fc27.x86_64                       11/140 
  Running scriptlet: libgcrypt-1.8.1-3.fc27.x86_64                       11/140 
  Upgrading        : systemd-libs-234-9.fc27.x86_64                      12/140 
  Running scriptlet: systemd-libs-234-9.fc27.x86_64                      12/140 
  Upgrading        : audit-libs-2.8.2-1.fc27.x86_64                      13/140 
  Running scriptlet: audit-libs-2.8.2-1.fc27.x86_64                      13/140 
  Upgrading        : p11-kit-0.23.9-2.fc27.x86_64                        14/140 
  Running scriptlet: p11-kit-0.23.9-2.fc27.x86_64                        14/140 
  Upgrading        : p11-kit-trust-0.23.9-2.fc27.x86_64                  15/140 
  Running scriptlet: p11-kit-trust-0.23.9-2.fc27.x86_64                  15/140 
  Upgrading        : nss-softokn-freebl-3.34.0-1.0.fc27.x86_64           16/140 
  Upgrading        : libcrypt-nss-2.26-21.fc27.x86_64                    17/140 
  Running scriptlet: libcrypt-nss-2.26-21.fc27.x86_64                    17/140 
  Upgrading        : nss-softokn-3.34.0-1.0.fc27.x86_64                  18/140 
  Running scriptlet: nss-softokn-3.34.0-1.0.fc27.x86_64                  18/140 
  Upgrading        : expat-2.2.5-1.fc27.x86_64                           19/140 
  Running scriptlet: expat-2.2.5-1.fc27.x86_64                           19/140 
  Upgrading        : libdb-5.3.28-27.fc27.x86_64                         20/140 
  Running scriptlet: libdb-5.3.28-27.fc27.x86_64                         20/140 
  Upgrading        : libsolv-0.6.30-2.fc27.x86_64                        21/140 
  Running scriptlet: libsolv-0.6.30-2.fc27.x86_64                        21/140 
  Running scriptlet: ca-certificates-2017.2.20-1.0.fc27.noarch           22/140 
  Upgrading        : ca-certificates-2017.2.20-1.0.fc27.noarch           22/140 
  Running scriptlet: ca-certificates-2017.2.20-1.0.fc27.noarch           22/140 
  Upgrading        : dbus-libs-1:1.12.0-1.fc27.x86_64                    23/140 
  Running scriptlet: dbus-libs-1:1.12.0-1.fc27.x86_64                    23/140 
  Upgrading        : coreutils-common-8.27-17.fc27.x86_64                24/140 
  Running scriptlet: coreutils-common-8.27-17.fc27.x86_64                24/140 
  Upgrading        : openssl-libs-1:1.1.0g-1.fc27.x86_64                 25/140 
  Running scriptlet: openssl-libs-1:1.1.0g-1.fc27.x86_64                 25/140 
  Upgrading        : coreutils-8.27-17.fc27.x86_64                       26/140 
  Upgrading        : crypto-policies-20170816-2.gite0a4066.fc27.noarc    27/140 
  Running scriptlet: crypto-policies-20170816-2.gite0a4066.fc27.noarc    27/140 
  Upgrading        : systemd-pam-234-9.fc27.x86_64                       28/140 
  Running scriptlet: systemd-234-9.fc27.x86_64                           29/140 
  Upgrading        : systemd-234-9.fc27.x86_64                           29/140 
  Running scriptlet: systemd-234-9.fc27.x86_64                           29/140 
  Running scriptlet: dbus-1:1.12.0-1.fc27.x86_64                         30/140 
  Upgrading        : dbus-1:1.12.0-1.fc27.x86_64                         30/140 
  Running scriptlet: dbus-1:1.12.0-1.fc27.x86_64                         30/140 
  Upgrading        : device-mapper-libs-1.02.144-1.fc27.x86_64           31/140 
  Running scriptlet: device-mapper-libs-1.02.144-1.fc27.x86_64           31/140 
  Upgrading        : device-mapper-1.02.144-1.fc27.x86_64                32/140 
  Upgrading        : compat-openssl10-1:1.0.2m-1.fc27.x86_64             33/140 
  Running scriptlet: compat-openssl10-1:1.0.2m-1.fc27.x86_64             33/140 
  Upgrading        : nss-pem-1.0.3-6.fc27.x86_64                         34/140 
  Upgrading        : nss-3.34.0-1.0.fc27.x86_64                          35/140 
  Running scriptlet: nss-3.34.0-1.0.fc27.x86_64                          35/140 
  Upgrading        : nss-sysinit-3.34.0-1.0.fc27.x86_64                  36/140 
  Upgrading        : openldap-2.4.45-4.fc27.x86_64                       37/140 
  Running scriptlet: openldap-2.4.45-4.fc27.x86_64                       37/140 
  Upgrading        : gawk-4.1.4-8.fc27.x86_64                            38/140 
  Running scriptlet: gawk-4.1.4-8.fc27.x86_64                            38/140 
install-info: No such file or directory for /usr/share/info/gawk.info
  Upgrading        : krb5-libs-1.15.2-4.fc27.x86_64                      39/140 
  Running scriptlet: krb5-libs-1.15.2-4.fc27.x86_64                      39/140 
  Upgrading        : libcurl-7.55.1-8.fc27.x86_64                        40/140 
  Running scriptlet: libcurl-7.55.1-8.fc27.x86_64                        40/140 
  Upgrading        : nettle-3.4-1.fc27.x86_64                            41/140 
  Running scriptlet: nettle-3.4-1.fc27.x86_64                            41/140 
install-info: No such file or directory for /usr/share/info/nettle.info
  Upgrading        : gnutls-3.5.16-4.fc27.x86_64                         42/140 
  Running scriptlet: gnutls-3.5.16-4.fc27.x86_64                         42/140 
  Upgrading        : gnupg2-2.2.3-1.fc27.x86_64                          43/140 
  Running scriptlet: gnupg2-2.2.3-1.fc27.x86_64                          43/140 
install-info: No such file or directory for /usr/share/info/gnupg.info
  Upgrading        : gdbm-1.14-1.fc27.x86_64                             44/140 
  Running scriptlet: gdbm-1.14-1.fc27.x86_64                             44/140 
  Upgrading        : python3-pip-9.0.1-14.fc27.noarch                    45/140 
  Upgrading        : python3-setuptools-37.0.0-1.fc27.noarch             46/140 
  Upgrading        : python3-3.6.3-2.fc27.x86_64                         47/140 
  Running scriptlet: python3-3.6.3-2.fc27.x86_64                         47/140 
  Upgrading        : python3-libs-3.6.3-2.fc27.x86_64                    48/140 
  Running scriptlet: python3-libs-3.6.3-2.fc27.x86_64                    48/140 
  Upgrading        : libsss_idmap-1.16.0-5.fc27.x86_64                   49/140 
  Running scriptlet: libsss_idmap-1.16.0-5.fc27.x86_64                   49/140 
  Upgrading        : libsss_nss_idmap-1.16.0-5.fc27.x86_64               50/140 
  Running scriptlet: libsss_nss_idmap-1.16.0-5.fc27.x86_64               50/140 
  Upgrading        : pcre-8.41-3.fc27.x86_64                             51/140 
  Running scriptlet: pcre-8.41-3.fc27.x86_64                             51/140 
  Upgrading        : glib2-2.54.2-1.fc27.x86_64                          52/140 
  Running scriptlet: glib2-2.54.2-1.fc27.x86_64                          52/140 
  Upgrading        : libdnf-0.11.1-1.fc27.x86_64                         53/140 
  Running scriptlet: libdnf-0.11.1-1.fc27.x86_64                         53/140 
  Upgrading        : python3-hawkey-0.11.1-1.fc27.x86_64                 54/140 
  Upgrading        : libreport-filesystem-2.9.3-1.fc27.x86_64            55/140 
  Upgrading        : dnf-conf-2.7.5-2.fc27.noarch                        56/140 
  Upgrading        : python3-dnf-2.7.5-2.fc27.noarch                     57/140 
  Upgrading        : dnf-2.7.5-2.fc27.noarch                             58/140 
  Running scriptlet: dnf-2.7.5-2.fc27.noarch                             58/140 
  Upgrading        : dnf-yum-2.7.5-2.fc27.noarch                         59/140 
  Upgrading        : sssd-client-1.16.0-5.fc27.x86_64                    60/140 
  Running scriptlet: sssd-client-1.16.0-5.fc27.x86_64                    60/140 
  Upgrading        : gnupg2-smime-2.2.3-1.fc27.x86_64                    61/140 
  Upgrading        : curl-7.55.1-8.fc27.x86_64                           62/140 
  Upgrading        : nss-tools-3.34.0-1.0.fc27.x86_64                    63/140 
  Upgrading        : ima-evm-utils-1.0-2.fc27.x86_64                     64/140 
  Upgrading        : libdb-utils-5.3.28-27.fc27.x86_64                   65/140 
  Upgrading        : libsemanage-2.7-2.fc27.x86_64                       66/140 
  Running scriptlet: libsemanage-2.7-2.fc27.x86_64                       66/140 
  Upgrading        : vim-minimal-2:8.0.1427-1.fc27.x86_64                67/140 
  Upgrading        : libzstd-1.3.3-1.fc27.x86_64                         68/140 
  Running scriptlet: libzstd-1.3.3-1.fc27.x86_64                         68/140 
  Upgrading        : lua-libs-5.3.4-7.fc27.x86_64                        69/140 
  Upgrading        : publicsuffix-list-dafsa-20171228-1.fc27.noarch      70/140 
  Cleanup          : nss-tools-3.33.0-1.0.fc27.x86_64                    71/140 
  Cleanup          : device-mapper-1.02.142-4.fc27.x86_64                72/140 
  Cleanup          : device-mapper-libs-1.02.142-4.fc27.x86_64           73/140 
  Running scriptlet: device-mapper-libs-1.02.142-4.fc27.x86_64           73/140 
  Running scriptlet: sssd-client-1.15.3-5.fc27.x86_64                    74/140 
  Cleanup          : sssd-client-1.15.3-5.fc27.x86_64                    74/140 
  Running scriptlet: sssd-client-1.15.3-5.fc27.x86_64                    74/140 
  Cleanup          : libsemanage-2.7-1.fc27.x86_64                       75/140 
  Running scriptlet: libsemanage-2.7-1.fc27.x86_64                       75/140 
  Cleanup          : curl-7.55.1-5.fc27.x86_64                           76/140 
  Cleanup          : dnf-yum-2.7.3-1.fc27.noarch                         77/140 
  Cleanup          : libcurl-7.55.1-5.fc27.x86_64                        78/140 
  Running scriptlet: libcurl-7.55.1-5.fc27.x86_64                        78/140 
  Cleanup          : krb5-libs-1.15.2-2.fc27.x86_64                      79/140 
  Running scriptlet: krb5-libs-1.15.2-2.fc27.x86_64                      79/140 
  Running scriptlet: gawk-4.1.4-7.fc27.x86_64                            80/140 
  Cleanup          : gawk-4.1.4-7.fc27.x86_64                            80/140 
  Cleanup          : gnupg2-smime-2.2.0-1.fc27.x86_64                    81/140 
  Running scriptlet: gnupg2-2.2.0-1.fc27.x86_64                          82/140 
  Cleanup          : gnupg2-2.2.0-1.fc27.x86_64                          82/140 
  Cleanup          : openldap-2.4.45-3.fc27.x86_64                       83/140 
  Running scriptlet: openldap-2.4.45-3.fc27.x86_64                       83/140 
  Cleanup          : nss-3.33.0-1.0.fc27.x86_64                          84/140 
  Running scriptlet: nss-3.33.0-1.0.fc27.x86_64                          84/140 
  Cleanup          : nss-softokn-3.33.0-1.0.fc27.x86_64                  85/140 
  Running scriptlet: nss-softokn-3.33.0-1.0.fc27.x86_64                  85/140 
  Cleanup          : gnutls-3.5.15-1.fc27.x86_64                         86/140 
  Running scriptlet: gnutls-3.5.15-1.fc27.x86_64                         86/140 
  Cleanup          : nss-sysinit-3.33.0-1.0.fc27.x86_64                  87/140 
  Running scriptlet: nettle-3.3-5.fc27.x86_64                            88/140 
  Cleanup          : nettle-3.3-5.fc27.x86_64                            88/140 
  Running scriptlet: nettle-3.3-5.fc27.x86_64                            88/140 
  Cleanup          : lua-libs-5.3.4-5.fc27.x86_64                        89/140 
  Cleanup          : nss-pem-1.0.3-5.fc27.x86_64                         90/140 
  Cleanup          : nss-util-3.33.0-1.0.fc27.x86_64                     91/140 
  Running scriptlet: nss-util-3.33.0-1.0.fc27.x86_64                     91/140 
  Cleanup          : libsss_idmap-1.15.3-5.fc27.x86_64                   92/140 
  Running scriptlet: libsss_idmap-1.15.3-5.fc27.x86_64                   92/140 
  Cleanup          : libdb-utils-5.3.28-26.fc27.x86_64                   93/140 
  Cleanup          : ima-evm-utils-1.0-1.fc27.x86_64                     94/140 
  Cleanup          : compat-openssl10-1:1.0.2j-9.fc27.x86_64             95/140 
  Running scriptlet: compat-openssl10-1:1.0.2j-9.fc27.x86_64             95/140 
  Cleanup          : vim-minimal-2:8.0.1176-1.fc27.x86_64                96/140 
  Cleanup          : libsss_nss_idmap-1.15.3-5.fc27.x86_64               97/140 
  Running scriptlet: libsss_nss_idmap-1.15.3-5.fc27.x86_64               97/140 
  Cleanup          : libzstd-1.3.1-1.fc27.x86_64                         98/140 
  Running scriptlet: libzstd-1.3.1-1.fc27.x86_64                         98/140 
  Running scriptlet: dnf-2.7.3-1.fc27.noarch                             99/140 
  Cleanup          : dnf-2.7.3-1.fc27.noarch                             99/140 
  Running scriptlet: dnf-2.7.3-1.fc27.noarch                             99/140[91mFailed to connect to bus: No such file or directory
[0m 
  Cleanup          : python3-dnf-2.7.3-1.fc27.noarch                    100/140 
  Cleanup          : dnf-conf-2.7.3-1.fc27.noarch                       101/140 
  Cleanup          : libreport-filesystem-2.9.2-1.fc27.x86_64           102/140 
  Cleanup          : publicsuffix-list-dafsa-20170828-1.fc27.noarch     103/140 
  Running scriptlet: dbus-1:1.11.20-1.fc27.x86_64                       104/140 
  Cleanup          : dbus-1:1.11.20-1.fc27.x86_64                       104/140 
  Running scriptlet: dbus-1:1.11.20-1.fc27.x86_64                       104/140 
  Running scriptlet: systemd-234-8.fc27.x86_64                          105/140 
  Cleanup          : systemd-234-8.fc27.x86_64                          105/140 
  Running scriptlet: systemd-234-8.fc27.x86_64                          105/140 
  Cleanup          : systemd-pam-234-8.fc27.x86_64                      106/140 
  Cleanup          : dbus-libs-1:1.11.20-1.fc27.x86_64                  107/140 
  Running scriptlet: dbus-libs-1:1.11.20-1.fc27.x86_64                  107/140 
  Cleanup          : systemd-libs-234-8.fc27.x86_64                     108/140 
  Running scriptlet: systemd-libs-234-8.fc27.x86_64                     108/140 
  Cleanup          : python3-hawkey-0.11.0-1.fc27.x86_64                109/140 
  Cleanup          : libdnf-0.11.0-1.fc27.x86_64                        110/140 
  Running scriptlet: libdnf-0.11.0-1.fc27.x86_64                        110/140 
  Cleanup          : glib2-2.54.1-1.fc27.x86_64                         111/140 
  Running scriptlet: glib2-2.54.1-1.fc27.x86_64                         111/140 
  Cleanup          : python3-pip-9.0.1-11.fc27.noarch                   112/140 
  Cleanup          : python3-setuptools-36.2.0-7.fc27.noarch            113/140 
  Cleanup          : python3-3.6.2-13.fc27.x86_64                       114/140 
  Running scriptlet: python3-3.6.2-13.fc27.x86_64                       114/140 
  Cleanup          : python3-libs-3.6.2-13.fc27.x86_64                  115/140 
  Running scriptlet: python3-libs-3.6.2-13.fc27.x86_64                  115/140 
  Cleanup          : openssl-libs-1:1.1.0f-9.fc27.x86_64                116/140 
  Running scriptlet: openssl-libs-1:1.1.0f-9.fc27.x86_64                116/140 
  Cleanup          : crypto-policies-20170816-1.git2618a6c.fc27.noarc   117/140 
  Cleanup          : coreutils-8.27-16.fc27.x86_64                      118/140 
  Cleanup          : libsolv-0.6.29-2.fc27.x86_64                       119/140 
  Running scriptlet: libsolv-0.6.29-2.fc27.x86_64                       119/140 
  Cleanup          : libdb-5.3.28-26.fc27.x86_64                        120/140 
  Running scriptlet: libdb-5.3.28-26.fc27.x86_64                        120/140 
  Cleanup          : libgcrypt-1.8.1-1.fc27.x86_64                      121/140 
  Running scriptlet: libgcrypt-1.8.1-1.fc27.x86_64                      121/140 
  Cleanup          : libcrypt-nss-2.26-15.fc27.x86_64                   122/140 
  Running scriptlet: libcrypt-nss-2.26-15.fc27.x86_64                   122/140 
  Cleanup          : nss-softokn-freebl-3.33.0-1.0.fc27.x86_64          123/140 
  Cleanup          : gdbm-1.13-3.fc27.x86_64                            124/140 
  Running scriptlet: gdbm-1.13-3.fc27.x86_64                            124/140 
  Cleanup          : audit-libs-2.7.8-1.fc27.x86_64                     125/140 
  Running scriptlet: audit-libs-2.7.8-1.fc27.x86_64                     125/140 
  Cleanup          : expat-2.2.4-1.fc27.x86_64                          126/140 
  Running scriptlet: expat-2.2.4-1.fc27.x86_64                          126/140 
  Cleanup          : ca-certificates-2017.2.16-4.fc27.noarch            127/140 
  Running scriptlet: coreutils-common-8.27-16.fc27.x86_64               128/140 
  Cleanup          : coreutils-common-8.27-16.fc27.x86_64               128/140 
  Cleanup          : p11-kit-trust-0.23.8-1.fc27.x86_64                 129/140 
  Running scriptlet: p11-kit-trust-0.23.8-1.fc27.x86_64                 129/140 
  Cleanup          : p11-kit-0.23.8-1.fc27.x86_64                       130/140 
  Running scriptlet: p11-kit-0.23.8-1.fc27.x86_64                       130/140 
  Running scriptlet: info-6.4-5.fc27.x86_64                             131/140 
  Cleanup          : info-6.4-5.fc27.x86_64                             131/140 
  Cleanup          : glibc-langpack-en-2.26-15.fc27.x86_64              132/140 
  Cleanup          : glibc-common-2.26-15.fc27.x86_64                   133/140 
  Cleanup          : libselinux-2.7-2.fc27.x86_64                       134/140 
  Running scriptlet: libselinux-2.7-2.fc27.x86_64                       134/140 
  Cleanup          : pcre2-10.30-1.fc27.x86_64                          135/140 
  Running scriptlet: pcre2-10.30-1.fc27.x86_64                          135/140 
  Cleanup          : pcre-8.41-1.fc27.2.x86_64                          136/140 
  Running scriptlet: pcre-8.41-1.fc27.2.x86_64                          136/140 
  Cleanup          : libsepol-2.7-1.fc27.x86_64                         137/140 
  Running scriptlet: libsepol-2.7-1.fc27.x86_64                         137/140 
  Cleanup          : bash-4.4.12-12.fc27.x86_64                         138/140 
  Running scriptlet: bash-4.4.12-12.fc27.x86_64                         138/140 
  Cleanup          : glibc-2.26-15.fc27.x86_64                          139/140 
  Running scriptlet: glibc-2.26-15.fc27.x86_64                          139/140 
  Cleanup          : tzdata-2017b-2.fc27.noarch                         140/140 
  Running scriptlet: python3-3.6.3-2.fc27.x86_64                        140/140 
  Running scriptlet: systemd-234-9.fc27.x86_64                          140/140[91mFailed to connect to bus: No such file or directory
[0m 
  Running scriptlet: glib2-2.54.2-1.fc27.x86_64                         140/140 
  Verifying        : audit-libs-2.8.2-1.fc27.x86_64                       1/140 
  Verifying        : bash-4.4.12-13.fc27.x86_64                           2/140 
  Verifying        : ca-certificates-2017.2.20-1.0.fc27.noarch            3/140 
  Verifying        : compat-openssl10-1:1.0.2m-1.fc27.x86_64              4/140 
  Verifying        : coreutils-8.27-17.fc27.x86_64                        5/140 
  Verifying        : coreutils-common-8.27-17.fc27.x86_64                 6/140 
  Verifying        : crypto-policies-20170816-2.gite0a4066.fc27.noarc     7/140 
  Verifying        : curl-7.55.1-8.fc27.x86_64                            8/140 
  Verifying        : libcurl-7.55.1-8.fc27.x86_64                         9/140 
  Verifying        : openssl-libs-1:1.1.0g-1.fc27.x86_64                 10/140 
  Verifying        : dbus-1:1.12.0-1.fc27.x86_64                         11/140 
  Verifying        : dbus-libs-1:1.12.0-1.fc27.x86_64                    12/140 
  Verifying        : device-mapper-1.02.144-1.fc27.x86_64                13/140 
  Verifying        : device-mapper-libs-1.02.144-1.fc27.x86_64           14/140 
  Verifying        : dnf-2.7.5-2.fc27.noarch                             15/140 
  Verifying        : python3-dnf-2.7.5-2.fc27.noarch                     16/140 
  Verifying        : dnf-conf-2.7.5-2.fc27.noarch                        17/140 
  Verifying        : dnf-yum-2.7.5-2.fc27.noarch                         18/140 
  Verifying        : expat-2.2.5-1.fc27.x86_64                           19/140 
  Verifying        : gawk-4.1.4-8.fc27.x86_64                            20/140 
  Verifying        : gdbm-1.14-1.fc27.x86_64                             21/140 
  Verifying        : glib2-2.54.2-1.fc27.x86_64                          22/140 
  Verifying        : glibc-2.26-21.fc27.x86_64                           23/140 
  Verifying        : glibc-common-2.26-21.fc27.x86_64                    24/140 
  Verifying        : glibc-langpack-en-2.26-21.fc27.x86_64               25/140 
  Verifying        : libcrypt-nss-2.26-21.fc27.x86_64                    26/140 
  Verifying        : gnupg2-2.2.3-1.fc27.x86_64                          27/140 
  Verifying        : gnupg2-smime-2.2.3-1.fc27.x86_64                    28/140 
  Verifying        : gnutls-3.5.16-4.fc27.x86_64                         29/140 
  Verifying        : ima-evm-utils-1.0-2.fc27.x86_64                     30/140 
  Verifying        : info-6.4-6.fc27.x86_64                              31/140 
  Verifying        : krb5-libs-1.15.2-4.fc27.x86_64                      32/140 
  Verifying        : libdb-5.3.28-27.fc27.x86_64                         33/140 
  Verifying        : libdb-utils-5.3.28-27.fc27.x86_64                   34/140 
  Verifying        : libdnf-0.11.1-1.fc27.x86_64                         35/140 
  Verifying        : python3-hawkey-0.11.1-1.fc27.x86_64                 36/140 
  Verifying        : libgcrypt-1.8.1-3.fc27.x86_64                       37/140 
  Verifying        : libreport-filesystem-2.9.3-1.fc27.x86_64            38/140 
  Verifying        : libselinux-2.7-3.fc27.x86_64                        39/140 
  Verifying        : libsepol-2.7-2.fc27.x86_64                          40/140 
  Verifying        : libsemanage-2.7-2.fc27.x86_64                       41/140 
  Verifying        : libsolv-0.6.30-2.fc27.x86_64                        42/140 
  Verifying        : libsss_idmap-1.16.0-5.fc27.x86_64                   43/140 
  Verifying        : libsss_nss_idmap-1.16.0-5.fc27.x86_64               44/140 
  Verifying        : libzstd-1.3.3-1.fc27.x86_64                         45/140 
  Verifying        : lua-libs-5.3.4-7.fc27.x86_64                        46/140 
  Verifying        : nettle-3.4-1.fc27.x86_64                            47/140 
  Verifying        : nss-3.34.0-1.0.fc27.x86_64                          48/140 
  Verifying        : nss-softokn-3.34.0-1.0.fc27.x86_64                  49/140 
  Verifying        : nss-util-3.34.0-1.0.fc27.x86_64                     50/140 
  Verifying        : nss-softokn-freebl-3.34.0-1.0.fc27.x86_64           51/140 
  Verifying        : nss-tools-3.34.0-1.0.fc27.x86_64                    52/140 
  Verifying        : nss-sysinit-3.34.0-1.0.fc27.x86_64                  53/140 
  Verifying        : nss-pem-1.0.3-6.fc27.x86_64                         54/140 
  Verifying        : openldap-2.4.45-4.fc27.x86_64                       55/140 
  Verifying        : p11-kit-0.23.9-2.fc27.x86_64                        56/140 
  Verifying        : p11-kit-trust-0.23.9-2.fc27.x86_64                  57/140 
  Verifying        : pcre-8.41-3.fc27.x86_64                             58/140 
  Verifying        : pcre2-10.30-4.fc27.x86_64                           59/140 
  Verifying        : publicsuffix-list-dafsa-20171228-1.fc27.noarch      60/140 
  Verifying        : python3-3.6.3-2.fc27.x86_64                         61/140 
  Verifying        : python3-libs-3.6.3-2.fc27.x86_64                    62/140 
  Verifying        : python3-pip-9.0.1-14.fc27.noarch                    63/140 
  Verifying        : python3-setuptools-37.0.0-1.fc27.noarch             64/140 
  Verifying        : sssd-client-1.16.0-5.fc27.x86_64                    65/140 
  Verifying        : systemd-234-9.fc27.x86_64                           66/140 
  Verifying        : systemd-pam-234-9.fc27.x86_64                       67/140 
  Verifying        : systemd-libs-234-9.fc27.x86_64                      68/140 
  Verifying        : tzdata-2017c-1.fc27.noarch                          69/140 
  Verifying        : vim-minimal-2:8.0.1427-1.fc27.x86_64                70/140 
  Verifying        : audit-libs-2.7.8-1.fc27.x86_64                      71/140 
  Verifying        : bash-4.4.12-12.fc27.x86_64                          72/140 
  Verifying        : ca-certificates-2017.2.16-4.fc27.noarch             73/140 
  Verifying        : compat-openssl10-1:1.0.2j-9.fc27.x86_64             74/140 
  Verifying        : coreutils-8.27-16.fc27.x86_64                       75/140 
  Verifying        : coreutils-common-8.27-16.fc27.x86_64                76/140 
  Verifying        : crypto-policies-20170816-1.git2618a6c.fc27.noarc    77/140 
  Verifying        : curl-7.55.1-5.fc27.x86_64                           78/140 
  Verifying        : dbus-1:1.11.20-1.fc27.x86_64                        79/140 
  Verifying        : dbus-libs-1:1.11.20-1.fc27.x86_64                   80/140 
  Verifying        : device-mapper-1.02.142-4.fc27.x86_64                81/140 
  Verifying        : device-mapper-libs-1.02.142-4.fc27.x86_64           82/140 
  Verifying        : dnf-2.7.3-1.fc27.noarch                             83/140 
  Verifying        : dnf-conf-2.7.3-1.fc27.noarch                        84/140 
  Verifying        : dnf-yum-2.7.3-1.fc27.noarch                         85/140 
  Verifying        : expat-2.2.4-1.fc27.x86_64                           86/140 
  Verifying        : gawk-4.1.4-7.fc27.x86_64                            87/140 
  Verifying        : gdbm-1.13-3.fc27.x86_64                             88/140 
  Verifying        : glib2-2.54.1-1.fc27.x86_64                          89/140 
  Verifying        : glibc-2.26-15.fc27.x86_64                           90/140 
  Verifying        : glibc-common-2.26-15.fc27.x86_64                    91/140 
  Verifying        : glibc-langpack-en-2.26-15.fc27.x86_64               92/140 
  Verifying        : gnupg2-2.2.0-1.fc27.x86_64                          93/140 
  Verifying        : gnupg2-smime-2.2.0-1.fc27.x86_64                    94/140 
  Verifying        : gnutls-3.5.15-1.fc27.x86_64                         95/140 
  Verifying        : ima-evm-utils-1.0-1.fc27.x86_64                     96/140 
  Verifying        : info-6.4-5.fc27.x86_64                              97/140 
  Verifying        : krb5-libs-1.15.2-2.fc27.x86_64                      98/140 
  Verifying        : libcrypt-nss-2.26-15.fc27.x86_64                    99/140 
  Verifying        : libcurl-7.55.1-5.fc27.x86_64                       100/140 
  Verifying        : libdb-5.3.28-26.fc27.x86_64                        101/140 
  Verifying        : libdb-utils-5.3.28-26.fc27.x86_64                  102/140 
  Verifying        : libdnf-0.11.0-1.fc27.x86_64                        103/140 
  Verifying        : libgcrypt-1.8.1-1.fc27.x86_64                      104/140 
  Verifying        : libreport-filesystem-2.9.2-1.fc27.x86_64           105/140 
  Verifying        : libselinux-2.7-2.fc27.x86_64                       106/140 
  Verifying        : libsemanage-2.7-1.fc27.x86_64                      107/140 
  Verifying        : libsepol-2.7-1.fc27.x86_64                         108/140 
  Verifying        : libsolv-0.6.29-2.fc27.x86_64                       109/140 
  Verifying        : libsss_idmap-1.15.3-5.fc27.x86_64                  110/140 
  Verifying        : libsss_nss_idmap-1.15.3-5.fc27.x86_64              111/140 
  Verifying        : libzstd-1.3.1-1.fc27.x86_64                        112/140 
  Verifying        : lua-libs-5.3.4-5.fc27.x86_64                       113/140 
  Verifying        : nettle-3.3-5.fc27.x86_64                           114/140 
  Verifying        : nss-3.33.0-1.0.fc27.x86_64                         115/140 
  Verifying        : nss-pem-1.0.3-5.fc27.x86_64                        116/140 
  Verifying        : nss-softokn-3.33.0-1.0.fc27.x86_64                 117/140 
  Verifying        : nss-softokn-freebl-3.33.0-1.0.fc27.x86_64          118/140 
  Verifying        : nss-sysinit-3.33.0-1.0.fc27.x86_64                 119/140 
  Verifying        : nss-tools-3.33.0-1.0.fc27.x86_64                   120/140 
  Verifying        : nss-util-3.33.0-1.0.fc27.x86_64                    121/140 
  Verifying        : openldap-2.4.45-3.fc27.x86_64                      122/140 
  Verifying        : openssl-libs-1:1.1.0f-9.fc27.x86_64                123/140 
  Verifying        : p11-kit-0.23.8-1.fc27.x86_64                       124/140 
  Verifying        : p11-kit-trust-0.23.8-1.fc27.x86_64                 125/140 
  Verifying        : pcre-8.41-1.fc27.2.x86_64                          126/140 
  Verifying        : pcre2-10.30-1.fc27.x86_64                          127/140 
  Verifying        : publicsuffix-list-dafsa-20170828-1.fc27.noarch     128/140 
  Verifying        : python3-3.6.2-13.fc27.x86_64                       129/140 
  Verifying        : python3-dnf-2.7.3-1.fc27.noarch                    130/140 
  Verifying        : python3-hawkey-0.11.0-1.fc27.x86_64                131/140 
  Verifying        : python3-libs-3.6.2-13.fc27.x86_64                  132/140 
  Verifying        : python3-pip-9.0.1-11.fc27.noarch                   133/140 
  Verifying        : python3-setuptools-36.2.0-7.fc27.noarch            134/140 
  Verifying        : sssd-client-1.15.3-5.fc27.x86_64                   135/140 
  Verifying        : systemd-234-8.fc27.x86_64                          136/140 
  Verifying        : systemd-libs-234-8.fc27.x86_64                     137/140 
  Verifying        : systemd-pam-234-8.fc27.x86_64                      138/140 
  Verifying        : tzdata-2017b-2.fc27.noarch                         139/140 
  Verifying        : vim-minimal-2:8.0.1176-1.fc27.x86_64               140/140 

Upgraded:
  audit-libs.x86_64 2.8.2-1.fc27                                                
  bash.x86_64 4.4.12-13.fc27                                                    
  ca-certificates.noarch 2017.2.20-1.0.fc27                                     
  compat-openssl10.x86_64 1:1.0.2m-1.fc27                                       
  coreutils.x86_64 8.27-17.fc27                                                 
  coreutils-common.x86_64 8.27-17.fc27                                          
  crypto-policies.noarch 20170816-2.gite0a4066.fc27                             
  curl.x86_64 7.55.1-8.fc27                                                     
  dbus.x86_64 1:1.12.0-1.fc27                                                   
  dbus-libs.x86_64 1:1.12.0-1.fc27                                              
  device-mapper.x86_64 1.02.144-1.fc27                                          
  device-mapper-libs.x86_64 1.02.144-1.fc27                                     
  dnf.noarch 2.7.5-2.fc27                                                       
  dnf-conf.noarch 2.7.5-2.fc27                                                  
  dnf-yum.noarch 2.7.5-2.fc27                                                   
  expat.x86_64 2.2.5-1.fc27                                                     
  gawk.x86_64 4.1.4-8.fc27                                                      
  gdbm.x86_64 1.14-1.fc27                                                       
  glib2.x86_64 2.54.2-1.fc27                                                    
  glibc.x86_64 2.26-21.fc27                                                     
  glibc-common.x86_64 2.26-21.fc27                                              
  glibc-langpack-en.x86_64 2.26-21.fc27                                         
  gnupg2.x86_64 2.2.3-1.fc27                                                    
  gnupg2-smime.x86_64 2.2.3-1.fc27                                              
  gnutls.x86_64 3.5.16-4.fc27                                                   
  ima-evm-utils.x86_64 1.0-2.fc27                                               
  info.x86_64 6.4-6.fc27                                                        
  krb5-libs.x86_64 1.15.2-4.fc27                                                
  libcrypt-nss.x86_64 2.26-21.fc27                                              
  libcurl.x86_64 7.55.1-8.fc27                                                  
  libdb.x86_64 5.3.28-27.fc27                                                   
  libdb-utils.x86_64 5.3.28-27.fc27                                             
  libdnf.x86_64 0.11.1-1.fc27                                                   
  libgcrypt.x86_64 1.8.1-3.fc27                                                 
  libreport-filesystem.x86_64 2.9.3-1.fc27                                      
  libselinux.x86_64 2.7-3.fc27                                                  
  libsemanage.x86_64 2.7-2.fc27                                                 
  libsepol.x86_64 2.7-2.fc27                                                    
  libsolv.x86_64 0.6.30-2.fc27                                                  
  libsss_idmap.x86_64 1.16.0-5.fc27                                             
  libsss_nss_idmap.x86_64 1.16.0-5.fc27                                         
  libzstd.x86_64 1.3.3-1.fc27                                                   
  lua-libs.x86_64 5.3.4-7.fc27                                                  
  nettle.x86_64 3.4-1.fc27                                                      
  nss.x86_64 3.34.0-1.0.fc27                                                    
  nss-pem.x86_64 1.0.3-6.fc27                                                   
  nss-softokn.x86_64 3.34.0-1.0.fc27                                            
  nss-softokn-freebl.x86_64 3.34.0-1.0.fc27                                     
  nss-sysinit.x86_64 3.34.0-1.0.fc27                                            
  nss-tools.x86_64 3.34.0-1.0.fc27                                              
  nss-util.x86_64 3.34.0-1.0.fc27                                               
  openldap.x86_64 2.4.45-4.fc27                                                 
  openssl-libs.x86_64 1:1.1.0g-1.fc27                                           
  p11-kit.x86_64 0.23.9-2.fc27                                                  
  p11-kit-trust.x86_64 0.23.9-2.fc27                                            
  pcre.x86_64 8.41-3.fc27                                                       
  pcre2.x86_64 10.30-4.fc27                                                     
  publicsuffix-list-dafsa.noarch 20171228-1.fc27                                
  python3.x86_64 3.6.3-2.fc27                                                   
  python3-dnf.noarch 2.7.5-2.fc27                                               
  python3-hawkey.x86_64 0.11.1-1.fc27                                           
  python3-libs.x86_64 3.6.3-2.fc27                                              
  python3-pip.noarch 9.0.1-14.fc27                                              
  python3-setuptools.noarch 37.0.0-1.fc27                                       
  sssd-client.x86_64 1.16.0-5.fc27                                              
  systemd.x86_64 234-9.fc27                                                     
  systemd-libs.x86_64 234-9.fc27                                                
  systemd-pam.x86_64 234-9.fc27                                                 
  tzdata.noarch 2017c-1.fc27                                                    
  vim-minimal.x86_64 2:8.0.1427-1.fc27                                          

Complete!
[91m+ dnf -y install nodejs git python2 gcc-c++
[0mLast metadata expiration check: 0:02:40 ago on Thu Jan 11 15:03:20 2018.
Dependencies resolved.
================================================================================
 Package                  Arch     Version                      Repository
                                                                           Size
================================================================================
Installing:
 gcc-c++                  x86_64   7.2.1-2.fc27                 fedora     11 M
 git                      x86_64   2.14.3-2.fc27                updates   1.1 M
 nodejs                   x86_64   1:8.9.3-2.fc27               updates   5.5 M
 python2                  x86_64   2.7.14-4.fc27                updates   100 k
Installing dependencies:
 binutils                 x86_64   2.29-6.fc27                  fedora    5.9 M
 cpp                      x86_64   7.2.1-2.fc27                 fedora    9.2 M
 fipscheck                x86_64   1.5.0-3.fc27                 fedora     25 k
 fipscheck-lib            x86_64   1.5.0-3.fc27                 fedora     14 k
 gcc                      x86_64   7.2.1-2.fc27                 fedora     21 M
 git-core                 x86_64   2.14.3-2.fc27                updates   4.1 M
 git-core-doc             x86_64   2.14.3-2.fc27                updates   2.3 M
 glibc-devel              x86_64   2.26-21.fc27                 updates   988 k
 glibc-headers            x86_64   2.26-21.fc27                 updates   502 k
 groff-base               x86_64   1.22.3-12.fc27               updates   1.0 M
 http-parser              x86_64   2.7.1-7.fc27                 fedora     35 k
 isl                      x86_64   0.16.1-3.fc27                fedora    835 k
 kernel-headers           x86_64   4.14.11-300.fc27             updates   1.2 M
 less                     x86_64   487-5.fc27                   fedora    159 k
 libedit                  x86_64   3.1-20.20170329cvs.fc27      fedora     99 k
 libgomp                  x86_64   7.2.1-2.fc27                 fedora    198 k
 libicu                   x86_64   57.1-9.fc27                  updates   8.4 M
 libmpc                   x86_64   1.0.2-8.fc27                 fedora     56 k
 libstdc++-devel          x86_64   7.2.1-2.fc27                 fedora    1.9 M
 libuv                    x86_64   1:1.16.0-1.fc27              updates   123 k
 openssh                  x86_64   7.6p1-3.fc27                 updates   501 k
 openssh-clients          x86_64   7.6p1-3.fc27                 updates   671 k
 openssl                  x86_64   1:1.1.0g-1.fc27              updates   564 k
 perl-Carp                noarch   1.42-394.fc27                fedora     28 k
 perl-Data-Dumper         x86_64   2.167-397.fc27               updates    56 k
 perl-Encode              x86_64   4:2.93-15.fc27               updates   1.5 M
 perl-Errno               x86_64   1.28-401.fc27                fedora     71 k
 perl-Error               noarch   1:0.17025-1.fc27             fedora     44 k
 perl-Exporter            noarch   5.72-395.fc27                fedora     32 k
 perl-File-Path           noarch   2.15-1.fc27                  fedora     37 k
 perl-File-Temp           noarch   0.230.400-394.fc27           fedora     61 k
 perl-Getopt-Long         noarch   1:2.50-3.fc27                fedora     61 k
 perl-Git                 noarch   2.14.3-2.fc27                updates    68 k
 perl-HTTP-Tiny           noarch   0.070-394.fc27               fedora     56 k
 perl-IO                  x86_64   1.38-401.fc27                fedora    136 k
 perl-IO-Socket-IP        noarch   0.39-4.fc27                  fedora     45 k
 perl-MIME-Base64         x86_64   3.15-395.fc27                fedora     29 k
 perl-Net-SSLeay          x86_64   1.81-4.fc27                  fedora    334 k
 perl-PathTools           x86_64   3.67-395.fc27                fedora     88 k
 perl-Pod-Escapes         noarch   1:1.07-394.fc27              fedora     19 k
 perl-Pod-Perldoc         noarch   3.28-395.fc27                fedora     87 k
 perl-Pod-Simple          noarch   1:3.35-394.fc27              fedora    211 k
 perl-Pod-Usage           noarch   4:1.69-394.fc27              fedora     33 k
 perl-Scalar-List-Utils   x86_64   3:1.48-1.fc27                fedora     65 k
 perl-Socket              x86_64   4:2.024-5.fc27               fedora     56 k
 perl-Storable            x86_64   1:2.62-395.fc27              fedora     84 k
 perl-Term-ANSIColor      noarch   4.06-395.fc27                fedora     44 k
 perl-Term-Cap            noarch   1.17-394.fc27                fedora     21 k
 perl-TermReadKey         x86_64   2.37-5.fc27                  fedora     38 k
 perl-Text-ParseWords     noarch   3.30-394.fc27                fedora     16 k
 perl-Text-Tabs+Wrap      noarch   2013.0523-394.fc27           fedora     23 k
 perl-Time-Local          noarch   1:1.250-394.fc27             fedora     30 k
 perl-URI                 noarch   1.72-1.fc27                  fedora    114 k
 perl-Unicode-Normalize   x86_64   1.25-395.fc27                fedora     80 k
 perl-constant            noarch   1.33-395.fc27                fedora     24 k
 perl-interpreter         x86_64   4:5.26.1-401.fc27            fedora    6.2 M
 perl-libnet              noarch   3.11-1.fc27                  updates   119 k
 perl-libs                x86_64   4:5.26.1-401.fc27            fedora    1.5 M
 perl-macros              x86_64   4:5.26.1-401.fc27            fedora     67 k
 perl-parent              noarch   1:0.236-394.fc27             fedora     18 k
 perl-podlators           noarch   4.09-395.fc27                updates   115 k
 perl-threads             x86_64   1:2.16-4.fc27                fedora     59 k
 perl-threads-shared      x86_64   1.57-4.fc27                  fedora     46 k
 python2-libs             x86_64   2.7.14-4.fc27                updates   6.3 M
 python2-pip              noarch   9.0.1-14.fc27                updates   1.8 M
 python2-setuptools       noarch   37.0.0-1.fc27                updates   606 k
Installing weak dependencies:
 npm                      x86_64   1:5.5.1-1.8.9.3.2.fc27       updates   4.2 M
 perl-IO-Socket-SSL       noarch   2.051-1.fc27                 fedora    271 k
 perl-Mozilla-CA          noarch   20160104-6.fc27              fedora     14 k

Transaction Summary
================================================================================
Install  73 Packages

Total download size: 102 M
Installed size: 329 M
Downloading Packages:
(1/73): http-parser-2.7.1-7.fc27.x86_64.rpm     180 kB/s |  35 kB     00:00    
(2/73): git-2.14.3-2.fc27.x86_64.rpm            1.3 MB/s | 1.1 MB     00:00    
(3/73): git-core-doc-2.14.3-2.fc27.x86_64.rpm   3.7 MB/s | 2.3 MB     00:00    
(4/73): perl-Git-2.14.3-2.fc27.noarch.rpm       710 kB/s |  68 kB     00:00    
(5/73): perl-Error-0.17025-1.fc27.noarch.rpm    241 kB/s |  44 kB     00:00    
(6/73): perl-Getopt-Long-2.50-3.fc27.noarch.rpm 452 kB/s |  61 kB     00:00    
(7/73): perl-PathTools-3.67-395.fc27.x86_64.rpm 1.2 MB/s |  88 kB     00:00    
(8/73): perl-TermReadKey-2.37-5.fc27.x86_64.rpm 583 kB/s |  38 kB     00:00    
(9/73): nodejs-8.9.3-2.fc27.x86_64.rpm          2.4 MB/s | 5.5 MB     00:02    
(10/73): less-487-5.fc27.x86_64.rpm             470 kB/s | 159 kB     00:00    
(11/73): perl-Carp-1.42-394.fc27.noarch.rpm     415 kB/s |  28 kB     00:00    
(12/73): perl-Exporter-5.72-395.fc27.noarch.rpm 491 kB/s |  32 kB     00:00    
(13/73): perl-Time-Local-1.250-394.fc27.noarch. 408 kB/s |  30 kB     00:00    
(14/73): perl-Scalar-List-Utils-1.48-1.fc27.x86 955 kB/s |  65 kB     00:00    
(15/73): perl-Pod-Usage-1.69-394.fc27.noarch.rp 520 kB/s |  33 kB     00:00    
(16/73): perl-Text-ParseWords-3.30-394.fc27.noa 194 kB/s |  16 kB     00:00    
(17/73): perl-constant-1.33-395.fc27.noarch.rpm 349 kB/s |  24 kB     00:00    
(18/73): perl-interpreter-5.26.1-401.fc27.x86_6 3.3 MB/s | 6.2 MB     00:01    
(19/73): perl-File-Path-2.15-1.fc27.noarch.rpm  549 kB/s |  37 kB     00:00    
(20/73): perl-libs-5.26.1-401.fc27.x86_64.rpm   1.7 MB/s | 1.5 MB     00:00    
(21/73): perl-IO-1.38-401.fc27.x86_64.rpm       2.0 MB/s | 136 kB     00:00    
(22/73): perl-Text-Tabs+Wrap-2013.0523-394.fc27 275 kB/s |  23 kB     00:00    
(23/73): perl-Unicode-Normalize-1.25-395.fc27.x 1.1 MB/s |  80 kB     00:00    
(24/73): perl-macros-5.26.1-401.fc27.x86_64.rpm 928 kB/s |  67 kB     00:00    
(25/73): perl-parent-0.236-394.fc27.noarch.rpm  233 kB/s |  18 kB     00:00    
(26/73): perl-threads-2.16-4.fc27.x86_64.rpm    852 kB/s |  59 kB     00:00    
(27/73): perl-threads-shared-1.57-4.fc27.x86_64 554 kB/s |  46 kB     00:00    
(28/73): perl-Pod-Perldoc-3.28-395.fc27.noarch. 1.1 MB/s |  87 kB     00:00    
(29/73): perl-Errno-1.28-401.fc27.x86_64.rpm    912 kB/s |  71 kB     00:00    
(30/73): perl-Socket-2.024-5.fc27.x86_64.rpm    860 kB/s |  56 kB     00:00    
(31/73): perl-File-Temp-0.230.400-394.fc27.noar 901 kB/s |  61 kB     00:00    
(32/73): perl-HTTP-Tiny-0.070-394.fc27.noarch.r 744 kB/s |  56 kB     00:00    
(33/73): perl-Pod-Simple-3.35-394.fc27.noarch.r 2.5 MB/s | 211 kB     00:00    
(34/73): perl-MIME-Base64-3.15-395.fc27.x86_64. 373 kB/s |  29 kB     00:00    
(35/73): perl-Pod-Escapes-1.07-394.fc27.noarch. 271 kB/s |  19 kB     00:00    
(36/73): git-core-2.14.3-2.fc27.x86_64.rpm      925 kB/s | 4.1 MB     00:04    
(37/73): python2-2.7.14-4.fc27.x86_64.rpm       377 kB/s | 100 kB     00:00    
(38/73): libmpc-1.0.2-8.fc27.x86_64.rpm         568 kB/s |  56 kB     00:00    
(39/73): perl-podlators-4.09-395.fc27.noarch.rp 706 kB/s | 115 kB     00:00    
(40/73): perl-Term-ANSIColor-4.06-395.fc27.noar 578 kB/s |  44 kB     00:00    
(41/73): perl-Term-Cap-1.17-394.fc27.noarch.rpm 258 kB/s |  21 kB     00:00    
(42/73): perl-Encode-2.93-15.fc27.x86_64.rpm    1.8 MB/s | 1.5 MB     00:00    
(43/73): python2-libs-2.7.14-4.fc27.x86_64.rpm  4.1 MB/s | 6.3 MB     00:01    
(44/73): perl-Storable-2.62-395.fc27.x86_64.rpm 432 kB/s |  84 kB     00:00    
(45/73): groff-base-1.22.3-12.fc27.x86_64.rpm   2.9 MB/s | 1.0 MB     00:00    
(46/73): gcc-c++-7.2.1-2.fc27.x86_64.rpm        3.8 MB/s |  11 MB     00:02    
(47/73): cpp-7.2.1-2.fc27.x86_64.rpm            2.0 MB/s | 9.2 MB     00:04    
(48/73): binutils-2.29-6.fc27.x86_64.rpm        994 kB/s | 5.9 MB     00:06    
(49/73): isl-0.16.1-3.fc27.x86_64.rpm           1.5 MB/s | 835 kB     00:00    
(50/73): libgomp-7.2.1-2.fc27.x86_64.rpm        757 kB/s | 198 kB     00:00    
(51/73): glibc-devel-2.26-21.fc27.x86_64.rpm    2.0 MB/s | 988 kB     00:00    
(52/73): glibc-headers-2.26-21.fc27.x86_64.rpm  3.6 MB/s | 502 kB     00:00    
(53/73): python2-pip-9.0.1-14.fc27.noarch.rpm   4.6 MB/s | 1.8 MB     00:00    
(54/73): python2-setuptools-37.0.0-1.fc27.noarc 4.2 MB/s | 606 kB     00:00    
(55/73): libstdc++-devel-7.2.1-2.fc27.x86_64.rp 1.4 MB/s | 1.9 MB     00:01    
(56/73): libuv-1.16.0-1.fc27.x86_64.rpm         492 kB/s | 123 kB     00:00    
(57/73): kernel-headers-4.14.11-300.fc27.x86_64 3.9 MB/s | 1.2 MB     00:00    
(58/73): openssh-clients-7.6p1-3.fc27.x86_64.rp 3.9 MB/s | 671 kB     00:00    
(59/73): openssh-7.6p1-3.fc27.x86_64.rpm        3.1 MB/s | 501 kB     00:00    
(60/73): fipscheck-lib-1.5.0-3.fc27.x86_64.rpm  118 kB/s |  14 kB     00:00    
(61/73): libedit-3.1-20.20170329cvs.fc27.x86_64 548 kB/s |  99 kB     00:00    
(62/73): libicu-57.1-9.fc27.x86_64.rpm          6.3 MB/s | 8.4 MB     00:01    
(63/73): fipscheck-1.5.0-3.fc27.x86_64.rpm      321 kB/s |  25 kB     00:00    
(64/73): perl-Mozilla-CA-20160104-6.fc27.noarch 222 kB/s |  14 kB     00:00    
(65/73): perl-IO-Socket-SSL-2.051-1.fc27.noarch 883 kB/s | 271 kB     00:00    
(66/73): openssl-1.1.0g-1.fc27.x86_64.rpm       1.9 MB/s | 564 kB     00:00    
(67/73): perl-IO-Socket-IP-0.39-4.fc27.noarch.r 349 kB/s |  45 kB     00:00    
(68/73): npm-5.5.1-1.8.9.3.2.fc27.x86_64.rpm    3.8 MB/s | 4.2 MB     00:01    
(69/73): perl-Net-SSLeay-1.81-4.fc27.x86_64.rpm 758 kB/s | 334 kB     00:00    
(70/73): perl-Data-Dumper-2.167-397.fc27.x86_64 907 kB/s |  56 kB     00:00    
(71/73): perl-URI-1.72-1.fc27.noarch.rpm        478 kB/s | 114 kB     00:00    
(72/73): perl-libnet-3.11-1.fc27.noarch.rpm     1.6 MB/s | 119 kB     00:00    
(73/73): gcc-7.2.1-2.fc27.x86_64.rpm            1.4 MB/s |  21 MB     00:14    
--------------------------------------------------------------------------------
Total                                           4.5 MB/s | 102 MB     00:22     
Running transaction check
Transaction check succeeded.
Running transaction test
Transaction test succeeded.
Running transaction
  Preparing        :                                                        1/1 
  Installing       : perl-Exporter-5.72-395.fc27.noarch                    1/73 
  Installing       : perl-libs-4:5.26.1-401.fc27.x86_64                    2/73 
  Running scriptlet: perl-libs-4:5.26.1-401.fc27.x86_64                    2/73 
  Installing       : perl-Carp-1.42-394.fc27.noarch                        3/73 
  Installing       : perl-Scalar-List-Utils-3:1.48-1.fc27.x86_64           4/73 
  Installing       : fipscheck-1.5.0-3.fc27.x86_64                         5/73 
  Installing       : fipscheck-lib-1.5.0-3.fc27.x86_64                     6/73 
  Running scriptlet: fipscheck-lib-1.5.0-3.fc27.x86_64                     6/73 
  Installing       : libmpc-1.0.2-8.fc27.x86_64                            7/73 
  Running scriptlet: libmpc-1.0.2-8.fc27.x86_64                            7/73 
  Installing       : perl-Text-ParseWords-3.30-394.fc27.noarch             8/73 
  Installing       : cpp-7.2.1-2.fc27.x86_64                               9/73 
  Running scriptlet: cpp-7.2.1-2.fc27.x86_64                               9/73 
  Running scriptlet: openssh-7.6p1-3.fc27.x86_64                          10/73 
  Installing       : openssh-7.6p1-3.fc27.x86_64                          10/73 
  Installing       : perl-macros-4:5.26.1-401.fc27.x86_64                 11/73 
  Installing       : perl-constant-1.33-395.fc27.noarch                   12/73 
  Installing       : perl-File-Path-2.15-1.fc27.noarch                    13/73 
  Installing       : perl-Text-Tabs+Wrap-2013.0523-394.fc27.noarch        14/73 
  Installing       : perl-Unicode-Normalize-1.25-395.fc27.x86_64          15/73 
  Installing       : perl-parent-1:0.236-394.fc27.noarch                  16/73 
  Installing       : perl-threads-shared-1.57-4.fc27.x86_64               17/73 
  Installing       : perl-threads-1:2.16-4.fc27.x86_64                    18/73 
  Installing       : perl-Errno-1.28-401.fc27.x86_64                      19/73 
  Installing       : perl-Socket-4:2.024-5.fc27.x86_64                    20/73 
  Installing       : perl-interpreter-4:5.26.1-401.fc27.x86_64            21/73 
  Installing       : perl-PathTools-3.67-395.fc27.x86_64                  22/73 
  Installing       : perl-IO-1.38-401.fc27.x86_64                         23/73 
  Installing       : perl-MIME-Base64-3.15-395.fc27.x86_64                24/73 
  Installing       : perl-Time-Local-1:1.250-394.fc27.noarch              25/73 
  Installing       : perl-HTTP-Tiny-0.070-394.fc27.noarch                 26/73 
  Installing       : perl-IO-Socket-IP-0.39-4.fc27.noarch                 27/73 
  Installing       : perl-Error-1:0.17025-1.fc27.noarch                   28/73 
  Installing       : perl-libnet-3.11-1.fc27.noarch                       29/73 
  Installing       : perl-Net-SSLeay-1.81-4.fc27.x86_64                   30/73 
  Installing       : perl-File-Temp-0.230.400-394.fc27.noarch             31/73 
  Installing       : perl-Storable-1:2.62-395.fc27.x86_64                 32/73 
  Installing       : perl-TermReadKey-2.37-5.fc27.x86_64                  33/73 
  Installing       : perl-Pod-Escapes-1:1.07-394.fc27.noarch              34/73 
  Installing       : perl-Term-Cap-1.17-394.fc27.noarch                   35/73 
  Installing       : perl-Data-Dumper-2.167-397.fc27.x86_64               36/73 
  Installing       : perl-Term-ANSIColor-4.06-395.fc27.noarch             37/73 
  Installing       : openssl-1:1.1.0g-1.fc27.x86_64                       38/73 
  Installing       : libedit-3.1-20.20170329cvs.fc27.x86_64               39/73 
  Running scriptlet: libedit-3.1-20.20170329cvs.fc27.x86_64               39/73 
  Installing       : openssh-clients-7.6p1-3.fc27.x86_64                  40/73 
  Installing       : kernel-headers-4.14.11-300.fc27.x86_64               41/73 
  Running scriptlet: glibc-headers-2.26-21.fc27.x86_64                    42/73 
  Installing       : glibc-headers-2.26-21.fc27.x86_64                    42/73 
  Installing       : glibc-devel-2.26-21.fc27.x86_64                      43/73 
  Running scriptlet: glibc-devel-2.26-21.fc27.x86_64                      43/73 
  Installing       : libuv-1:1.16.0-1.fc27.x86_64                         44/73 
  Running scriptlet: libuv-1:1.16.0-1.fc27.x86_64                         44/73 
  Installing       : libicu-57.1-9.fc27.x86_64                            45/73 
  Running scriptlet: libicu-57.1-9.fc27.x86_64                            45/73 
  Installing       : libstdc++-devel-7.2.1-2.fc27.x86_64                  46/73 
  Installing       : libgomp-7.2.1-2.fc27.x86_64                          47/73 
  Running scriptlet: libgomp-7.2.1-2.fc27.x86_64                          47/73 
  Installing       : isl-0.16.1-3.fc27.x86_64                             48/73 
  Running scriptlet: isl-0.16.1-3.fc27.x86_64                             48/73 
  Installing       : binutils-2.29-6.fc27.x86_64                          49/73 
  Running scriptlet: binutils-2.29-6.fc27.x86_64                          49/73 
install-info: No such file or directory for /usr/share/info/as.info.gz
install-info: No such file or directory for /usr/share/info/binutils.info.gz
install-info: No such file or directory for /usr/share/info/gprof.info.gz
install-info: No such file or directory for /usr/share/info/ld.info.gz
  Installing       : gcc-7.2.1-2.fc27.x86_64                              50/73 
  Running scriptlet: gcc-7.2.1-2.fc27.x86_64                              50/73 
  Installing       : groff-base-1.22.3-12.fc27.x86_64                     51/73 
  Installing       : perl-Pod-Simple-1:3.35-394.fc27.noarch               52/73 
  Installing       : perl-Pod-Usage-4:1.69-394.fc27.noarch                53/73 
  Installing       : perl-Getopt-Long-1:2.50-3.fc27.noarch                54/73 
  Installing       : perl-Encode-4:2.93-15.fc27.x86_64                    55/73 
  Installing       : perl-podlators-4.09-395.fc27.noarch                  56/73 
  Installing       : perl-Pod-Perldoc-3.28-395.fc27.noarch                57/73 
  Installing       : perl-URI-1.72-1.fc27.noarch                          58/73 
  Installing       : python2-libs-2.7.14-4.fc27.x86_64                    59/73 
  Running scriptlet: python2-libs-2.7.14-4.fc27.x86_64                    59/73 
  Installing       : python2-pip-9.0.1-14.fc27.noarch                     60/73 
  Installing       : python2-setuptools-37.0.0-1.fc27.noarch              61/73 
  Installing       : python2-2.7.14-4.fc27.x86_64                         62/73 
  Installing       : less-487-5.fc27.x86_64                               63/73 
  Installing       : git-core-2.14.3-2.fc27.x86_64                        64/73 
  Installing       : git-core-doc-2.14.3-2.fc27.x86_64                    65/73 
  Installing       : perl-Git-2.14.3-2.fc27.noarch                        66/73 
  Installing       : git-2.14.3-2.fc27.x86_64                             67/73 
  Installing       : http-parser-2.7.1-7.fc27.x86_64                      68/73 
  Running scriptlet: http-parser-2.7.1-7.fc27.x86_64                      68/73 
  Installing       : nodejs-1:8.9.3-2.fc27.x86_64                         69/73 
  Installing       : npm-1:5.5.1-1.8.9.3.2.fc27.x86_64                    70/73 
  Installing       : perl-IO-Socket-SSL-2.051-1.fc27.noarch               71/73 
  Installing       : gcc-c++-7.2.1-2.fc27.x86_64                          72/73 
  Installing       : perl-Mozilla-CA-20160104-6.fc27.noarch               73/73 
  Verifying        : nodejs-1:8.9.3-2.fc27.x86_64                          1/73 
  Verifying        : http-parser-2.7.1-7.fc27.x86_64                       2/73 
  Verifying        : git-2.14.3-2.fc27.x86_64                              3/73 
  Verifying        : git-core-2.14.3-2.fc27.x86_64                         4/73 
  Verifying        : git-core-doc-2.14.3-2.fc27.x86_64                     5/73 
  Verifying        : perl-Git-2.14.3-2.fc27.noarch                         6/73 
  Verifying        : perl-Error-1:0.17025-1.fc27.noarch                    7/73 
  Verifying        : perl-Getopt-Long-1:2.50-3.fc27.noarch                 8/73 
  Verifying        : perl-PathTools-3.67-395.fc27.x86_64                   9/73 
  Verifying        : perl-TermReadKey-2.37-5.fc27.x86_64                  10/73 
  Verifying        : perl-interpreter-4:5.26.1-401.fc27.x86_64            11/73 
  Verifying        : less-487-5.fc27.x86_64                               12/73 
  Verifying        : perl-Carp-1.42-394.fc27.noarch                       13/73 
  Verifying        : perl-Exporter-5.72-395.fc27.noarch                   14/73 
  Verifying        : perl-Time-Local-1:1.250-394.fc27.noarch              15/73 
  Verifying        : perl-Scalar-List-Utils-3:1.48-1.fc27.x86_64          16/73 
  Verifying        : perl-Pod-Usage-4:1.69-394.fc27.noarch                17/73 
  Verifying        : perl-Text-ParseWords-3.30-394.fc27.noarch            18/73 
  Verifying        : perl-constant-1.33-395.fc27.noarch                   19/73 
  Verifying        : perl-libs-4:5.26.1-401.fc27.x86_64                   20/73 
  Verifying        : perl-File-Path-2.15-1.fc27.noarch                    21/73 
  Verifying        : perl-IO-1.38-401.fc27.x86_64                         22/73 
  Verifying        : perl-Text-Tabs+Wrap-2013.0523-394.fc27.noarch        23/73 
  Verifying        : perl-Unicode-Normalize-1.25-395.fc27.x86_64          24/73 
  Verifying        : perl-macros-4:5.26.1-401.fc27.x86_64                 25/73 
  Verifying        : perl-parent-1:0.236-394.fc27.noarch                  26/73 
  Verifying        : perl-threads-1:2.16-4.fc27.x86_64                    27/73 
  Verifying        : perl-threads-shared-1.57-4.fc27.x86_64               28/73 
  Verifying        : perl-Pod-Perldoc-3.28-395.fc27.noarch                29/73 
  Verifying        : perl-Errno-1.28-401.fc27.x86_64                      30/73 
  Verifying        : perl-Socket-4:2.024-5.fc27.x86_64                    31/73 
  Verifying        : perl-File-Temp-0.230.400-394.fc27.noarch             32/73 
  Verifying        : perl-HTTP-Tiny-0.070-394.fc27.noarch                 33/73 
  Verifying        : perl-Pod-Simple-1:3.35-394.fc27.noarch               34/73 
  Verifying        : perl-MIME-Base64-3.15-395.fc27.x86_64                35/73 
  Verifying        : perl-Pod-Escapes-1:1.07-394.fc27.noarch              36/73 
  Verifying        : python2-2.7.14-4.fc27.x86_64                         37/73 
  Verifying        : python2-libs-2.7.14-4.fc27.x86_64                    38/73 
  Verifying        : gcc-c++-7.2.1-2.fc27.x86_64                          39/73 
  Verifying        : libmpc-1.0.2-8.fc27.x86_64                           40/73 
  Verifying        : perl-podlators-4.09-395.fc27.noarch                  41/73 
  Verifying        : perl-Term-ANSIColor-4.06-395.fc27.noarch             42/73 
  Verifying        : perl-Term-Cap-1.17-394.fc27.noarch                   43/73 
  Verifying        : perl-Encode-4:2.93-15.fc27.x86_64                    44/73 
  Verifying        : perl-Storable-1:2.62-395.fc27.x86_64                 45/73 
  Verifying        : groff-base-1.22.3-12.fc27.x86_64                     46/73 
  Verifying        : gcc-7.2.1-2.fc27.x86_64                              47/73 
  Verifying        : binutils-2.29-6.fc27.x86_64                          48/73 
  Verifying        : cpp-7.2.1-2.fc27.x86_64                              49/73 
  Verifying        : isl-0.16.1-3.fc27.x86_64                             50/73 
  Verifying        : libgomp-7.2.1-2.fc27.x86_64                          51/73 
  Verifying        : libstdc++-devel-7.2.1-2.fc27.x86_64                  52/73 
  Verifying        : glibc-devel-2.26-21.fc27.x86_64                      53/73 
  Verifying        : glibc-headers-2.26-21.fc27.x86_64                    54/73 
  Verifying        : python2-pip-9.0.1-14.fc27.noarch                     55/73 
  Verifying        : python2-setuptools-37.0.0-1.fc27.noarch              56/73 
  Verifying        : libicu-57.1-9.fc27.x86_64                            57/73 
  Verifying        : libuv-1:1.16.0-1.fc27.x86_64                         58/73 
  Verifying        : kernel-headers-4.14.11-300.fc27.x86_64               59/73 
  Verifying        : openssh-clients-7.6p1-3.fc27.x86_64                  60/73 
  Verifying        : openssh-7.6p1-3.fc27.x86_64                          61/73 
  Verifying        : fipscheck-lib-1.5.0-3.fc27.x86_64                    62/73 
  Verifying        : libedit-3.1-20.20170329cvs.fc27.x86_64               63/73 
  Verifying        : fipscheck-1.5.0-3.fc27.x86_64                        64/73 
  Verifying        : npm-1:5.5.1-1.8.9.3.2.fc27.x86_64                    65/73 
  Verifying        : perl-Mozilla-CA-20160104-6.fc27.noarch               66/73 
  Verifying        : perl-IO-Socket-SSL-2.051-1.fc27.noarch               67/73 
  Verifying        : openssl-1:1.1.0g-1.fc27.x86_64                       68/73 
  Verifying        : perl-IO-Socket-IP-0.39-4.fc27.noarch                 69/73 
  Verifying        : perl-Net-SSLeay-1.81-4.fc27.x86_64                   70/73 
  Verifying        : perl-URI-1.72-1.fc27.noarch                          71/73 
  Verifying        : perl-Data-Dumper-2.167-397.fc27.x86_64               72/73 
  Verifying        : perl-libnet-3.11-1.fc27.noarch                       73/73 

Installed:
  gcc-c++.x86_64 7.2.1-2.fc27                                                   
  git.x86_64 2.14.3-2.fc27                                                      
  nodejs.x86_64 1:8.9.3-2.fc27                                                  
  python2.x86_64 2.7.14-4.fc27                                                  
  npm.x86_64 1:5.5.1-1.8.9.3.2.fc27                                             
  perl-IO-Socket-SSL.noarch 2.051-1.fc27                                        
  perl-Mozilla-CA.noarch 20160104-6.fc27                                        
  binutils.x86_64 2.29-6.fc27                                                   
  cpp.x86_64 7.2.1-2.fc27                                                       
  fipscheck.x86_64 1.5.0-3.fc27                                                 
  fipscheck-lib.x86_64 1.5.0-3.fc27                                             
  gcc.x86_64 7.2.1-2.fc27                                                       
  git-core.x86_64 2.14.3-2.fc27                                                 
  git-core-doc.x86_64 2.14.3-2.fc27                                             
  glibc-devel.x86_64 2.26-21.fc27                                               
  glibc-headers.x86_64 2.26-21.fc27                                             
  groff-base.x86_64 1.22.3-12.fc27                                              
  http-parser.x86_64 2.7.1-7.fc27                                               
  isl.x86_64 0.16.1-3.fc27                                                      
  kernel-headers.x86_64 4.14.11-300.fc27                                        
  less.x86_64 487-5.fc27                                                        
  libedit.x86_64 3.1-20.20170329cvs.fc27                                        
  libgomp.x86_64 7.2.1-2.fc27                                                   
  libicu.x86_64 57.1-9.fc27                                                     
  libmpc.x86_64 1.0.2-8.fc27                                                    
  libstdc++-devel.x86_64 7.2.1-2.fc27                                           
  libuv.x86_64 1:1.16.0-1.fc27                                                  
  openssh.x86_64 7.6p1-3.fc27                                                   
  openssh-clients.x86_64 7.6p1-3.fc27                                           
  openssl.x86_64 1:1.1.0g-1.fc27                                                
  perl-Carp.noarch 1.42-394.fc27                                                
  perl-Data-Dumper.x86_64 2.167-397.fc27                                        
  perl-Encode.x86_64 4:2.93-15.fc27                                             
  perl-Errno.x86_64 1.28-401.fc27                                               
  perl-Error.noarch 1:0.17025-1.fc27                                            
  perl-Exporter.noarch 5.72-395.fc27                                            
  perl-File-Path.noarch 2.15-1.fc27                                             
  perl-File-Temp.noarch 0.230.400-394.fc27                                      
  perl-Getopt-Long.noarch 1:2.50-3.fc27                                         
  perl-Git.noarch 2.14.3-2.fc27                                                 
  perl-HTTP-Tiny.noarch 0.070-394.fc27                                          
  perl-IO.x86_64 1.38-401.fc27                                                  
  perl-IO-Socket-IP.noarch 0.39-4.fc27                                          
  perl-MIME-Base64.x86_64 3.15-395.fc27                                         
  perl-Net-SSLeay.x86_64 1.81-4.fc27                                            
  perl-PathTools.x86_64 3.67-395.fc27                                           
  perl-Pod-Escapes.noarch 1:1.07-394.fc27                                       
  perl-Pod-Perldoc.noarch 3.28-395.fc27                                         
  perl-Pod-Simple.noarch 1:3.35-394.fc27                                        
  perl-Pod-Usage.noarch 4:1.69-394.fc27                                         
  perl-Scalar-List-Utils.x86_64 3:1.48-1.fc27                                   
  perl-Socket.x86_64 4:2.024-5.fc27                                             
  perl-Storable.x86_64 1:2.62-395.fc27                                          
  perl-Term-ANSIColor.noarch 4.06-395.fc27                                      
  perl-Term-Cap.noarch 1.17-394.fc27                                            
  perl-TermReadKey.x86_64 2.37-5.fc27                                           
  perl-Text-ParseWords.noarch 3.30-394.fc27                                     
  perl-Text-Tabs+Wrap.noarch 2013.0523-394.fc27                                 
  perl-Time-Local.noarch 1:1.250-394.fc27                                       
  perl-URI.noarch 1.72-1.fc27                                                   
  perl-Unicode-Normalize.x86_64 1.25-395.fc27                                   
  perl-constant.noarch 1.33-395.fc27                                            
  perl-interpreter.x86_64 4:5.26.1-401.fc27                                     
  perl-libnet.noarch 3.11-1.fc27                                                
  perl-libs.x86_64 4:5.26.1-401.fc27                                            
  perl-macros.x86_64 4:5.26.1-401.fc27                                          
  perl-parent.noarch 1:0.236-394.fc27                                           
  perl-podlators.noarch 4.09-395.fc27                                           
  perl-threads.x86_64 1:2.16-4.fc27                                             
  perl-threads-shared.x86_64 1.57-4.fc27                                        
  python2-libs.x86_64 2.7.14-4.fc27                                             
  python2-pip.noarch 9.0.1-14.fc27                                              
  python2-setuptools.noarch 37.0.0-1.fc27                                       

Complete!
[91m+ npm install rhea minimist ws
[0m[91mnpm WARN saveError[0m[91m ENOENT: no such file or directory, open '/package.json'
[0m[91mnpm notice[0m[91m created a lockfile as package-lock.json. You should commit this file.
[0m[91mnpm [0m[91mWARN[0m[91m enoent ENOENT: no such file or directory, open '/package.json'
[0m[91mnpm[0m[91m [0m[91mWARN[0m[91m !invalid#1 No description
npm WARN[0m[91m !invalid#1 No repository field.
npm WARN[0m[91m !invalid#1 No README data
[0m[91mnpm WARN !invalid#1 No license field.
[0m[91m
[0m+ ws@4.0.0
+ rhea@0.2.9
+ minimist@1.2.0
added 8 packages in 6.606s
[91m+ dnf clean all
[0m18 files removed
[91m+ exit
[0m ---> eef82b2b98bc
Removing intermediate container 19b7ab1ed7dc
Step 6 : WORKDIR node_modules/rhea/examples/websockets
 ---> Running in a9332f097712
 ---> 8e1ebe5e7d81
Removing intermediate container a9332f097712
Step 7 : EXPOSE 8888
 ---> Running in c90ac66fa280
 ---> d73cef64a376
Removing intermediate container c90ac66fa280
Step 8 : ENTRYPOINT node echo.js
 ---> Running in f93aaca73079
 ---> a58ee60fb1f8
Removing intermediate container f93aaca73079
Successfully built a58ee60fb1f8
